2025-09-24 04:26:40,193 - INFO - 同步引擎已启动
2025-09-24 04:26:52,603 - INFO - 文件新建: D:/XT/项目/Web_page_collection/文件可视化管理/1\1 - 副本 - 副本 - 副本.txt，执行同步
2025-09-24 04:26:52,608 - INFO - 文件修改: D:/XT/项目/Web_page_collection/文件可视化管理/1\1 - 副本 - 副本 - 副本.txt，执行同步
2025-09-24 04:26:52,608 - INFO - 已复制: D:\XT\项目\Web_page_collection\文件可视化管理\1\1 - 副本 - 副本 - 副本.txt -> D:\XT\项目\Web_page_collection\文件可视化管理\2\1 - 副本 - 副本 - 副本.txt
2025-09-24 04:26:52,609 - INFO - 已复制: D:\XT\项目\Web_page_collection\文件可视化管理\1\1 - 副本 - 副本 - 副本.txt -> D:\XT\项目\Web_page_collection\文件可视化管理\2\1 - 副本 - 副本 - 副本.txt
2025-09-24 04:27:17,443 - INFO - 文件新建: D:/XT/项目/Web_page_collection/文件可视化管理/1\1 - 副本 - 副本 - 副本.txt，执行同步
2025-09-24 04:27:17,446 - INFO - 已复制: D:\XT\项目\Web_page_collection\文件可视化管理\1\1 - 副本 - 副本 - 副本.txt -> D:\XT\项目\Web_page_collection\文件可视化管理\2\1 - 副本 - 副本 - 副本.txt
2025-09-24 04:27:25,833 - INFO - 文件新建: D:/XT/项目/Web_page_collection/文件可视化管理/1\1 - 副本 - 副本 - 副本 - 副本.txt，执行同步
2025-09-24 04:27:25,834 - WARNING - 更新元数据失败: [Errno 13] Permission denied: 'D:\\XT\\项目\\Web_page_collection\\文件可视化管理\\1\\1 - 副本 - 副本 - 副本 - 副本.txt'
2025-09-24 04:27:25,835 - INFO - 文件修改: D:/XT/项目/Web_page_collection/文件可视化管理/1\1 - 副本 - 副本 - 副本 - 副本.txt，执行同步
2025-09-24 04:27:25,836 - INFO - 已复制: D:\XT\项目\Web_page_collection\文件可视化管理\1\1 - 副本 - 副本 - 副本 - 副本.txt -> D:\XT\项目\Web_page_collection\文件可视化管理\2\1 - 副本 - 副本 - 副本 - 副本.txt
2025-09-24 04:27:25,836 - INFO - 已复制: D:\XT\项目\Web_page_collection\文件可视化管理\1\1 - 副本 - 副本 - 副本 - 副本.txt -> D:\XT\项目\Web_page_collection\文件可视化管理\2\1 - 副本 - 副本 - 副本 - 副本.txt
2025-09-24 04:27:26,764 - INFO - 文件新建: D:/XT/项目/Web_page_collection/文件可视化管理/1\1 - 副本 - 副本 - 副本 - 副本 (2).txt，执行同步
2025-09-24 04:27:26,765 - INFO - 文件修改: D:/XT/项目/Web_page_collection/文件可视化管理/1\1 - 副本 - 副本 - 副本 - 副本 (2).txt，执行同步
2025-09-24 04:27:26,766 - INFO - 已复制: D:\XT\项目\Web_page_collection\文件可视化管理\1\1 - 副本 - 副本 - 副本 - 副本 (2).txt -> D:\XT\项目\Web_page_collection\文件可视化管理\2\1 - 副本 - 副本 - 副本 - 副本 (2).txt
2025-09-24 04:27:26,766 - INFO - 已复制: D:\XT\项目\Web_page_collection\文件可视化管理\1\1 - 副本 - 副本 - 副本 - 副本 (2).txt -> D:\XT\项目\Web_page_collection\文件可视化管理\2\1 - 副本 - 副本 - 副本 - 副本 (2).txt
2025-09-24 04:27:27,145 - INFO - 文件新建: D:/XT/项目/Web_page_collection/文件可视化管理/1\1 - 副本 - 副本 - 副本 - 副本 (3).txt，执行同步
2025-09-24 04:27:27,148 - INFO - 文件修改: D:/XT/项目/Web_page_collection/文件可视化管理/1\1 - 副本 - 副本 - 副本 - 副本 (3).txt，执行同步
2025-09-24 04:27:27,148 - INFO - 已复制: D:\XT\项目\Web_page_collection\文件可视化管理\1\1 - 副本 - 副本 - 副本 - 副本 (3).txt -> D:\XT\项目\Web_page_collection\文件可视化管理\2\1 - 副本 - 副本 - 副本 - 副本 (3).txt
2025-09-24 04:27:27,149 - INFO - 已复制: D:\XT\项目\Web_page_collection\文件可视化管理\1\1 - 副本 - 副本 - 副本 - 副本 (3).txt -> D:\XT\项目\Web_page_collection\文件可视化管理\2\1 - 副本 - 副本 - 副本 - 副本 (3).txt
2025-09-24 04:27:27,406 - INFO - 文件新建: D:/XT/项目/Web_page_collection/文件可视化管理/1\1 - 副本 - 副本 - 副本 - 副本 (4).txt，执行同步
2025-09-24 04:27:27,408 - INFO - 文件修改: D:/XT/项目/Web_page_collection/文件可视化管理/1\1 - 副本 - 副本 - 副本 - 副本 (4).txt，执行同步
2025-09-24 04:27:27,408 - INFO - 已复制: D:\XT\项目\Web_page_collection\文件可视化管理\1\1 - 副本 - 副本 - 副本 - 副本 (4).txt -> D:\XT\项目\Web_page_collection\文件可视化管理\2\1 - 副本 - 副本 - 副本 - 副本 (4).txt
2025-09-24 04:27:27,409 - INFO - 已复制: D:\XT\项目\Web_page_collection\文件可视化管理\1\1 - 副本 - 副本 - 副本 - 副本 (4).txt -> D:\XT\项目\Web_page_collection\文件可视化管理\2\1 - 副本 - 副本 - 副本 - 副本 (4).txt
2025-09-24 04:27:27,657 - INFO - 文件新建: D:/XT/项目/Web_page_collection/文件可视化管理/1\1 - 副本 - 副本 - 副本 - 副本 (5).txt，执行同步
2025-09-24 04:27:27,659 - INFO - 文件修改: D:/XT/项目/Web_page_collection/文件可视化管理/1\1 - 副本 - 副本 - 副本 - 副本 (5).txt，执行同步
2025-09-24 04:27:27,659 - INFO - 已复制: D:\XT\项目\Web_page_collection\文件可视化管理\1\1 - 副本 - 副本 - 副本 - 副本 (5).txt -> D:\XT\项目\Web_page_collection\文件可视化管理\2\1 - 副本 - 副本 - 副本 - 副本 (5).txt
2025-09-24 04:27:27,661 - INFO - 已复制: D:\XT\项目\Web_page_collection\文件可视化管理\1\1 - 副本 - 副本 - 副本 - 副本 (5).txt -> D:\XT\项目\Web_page_collection\文件可视化管理\2\1 - 副本 - 副本 - 副本 - 副本 (5).txt
2025-09-24 04:27:27,890 - INFO - 文件新建: D:/XT/项目/Web_page_collection/文件可视化管理/1\1 - 副本 - 副本 - 副本 - 副本 (6).txt，执行同步
2025-09-24 04:27:27,891 - INFO - 文件修改: D:/XT/项目/Web_page_collection/文件可视化管理/1\1 - 副本 - 副本 - 副本 - 副本 (6).txt，执行同步
2025-09-24 04:27:27,892 - INFO - 已复制: D:\XT\项目\Web_page_collection\文件可视化管理\1\1 - 副本 - 副本 - 副本 - 副本 (6).txt -> D:\XT\项目\Web_page_collection\文件可视化管理\2\1 - 副本 - 副本 - 副本 - 副本 (6).txt
2025-09-24 04:27:27,892 - INFO - 已复制: D:\XT\项目\Web_page_collection\文件可视化管理\1\1 - 副本 - 副本 - 副本 - 副本 (6).txt -> D:\XT\项目\Web_page_collection\文件可视化管理\2\1 - 副本 - 副本 - 副本 - 副本 (6).txt
2025-09-24 04:27:28,334 - INFO - 文件新建: D:/XT/项目/Web_page_collection/文件可视化管理/1\1 - 副本 - 副本 - 副本 - 副本 (7).txt，执行同步
2025-09-24 04:27:28,336 - INFO - 文件修改: D:/XT/项目/Web_page_collection/文件可视化管理/1\1 - 副本 - 副本 - 副本 - 副本 (7).txt，执行同步
2025-09-24 04:27:28,336 - INFO - 已复制: D:\XT\项目\Web_page_collection\文件可视化管理\1\1 - 副本 - 副本 - 副本 - 副本 (7).txt -> D:\XT\项目\Web_page_collection\文件可视化管理\2\1 - 副本 - 副本 - 副本 - 副本 (7).txt
2025-09-24 04:27:28,337 - INFO - 已复制: D:\XT\项目\Web_page_collection\文件可视化管理\1\1 - 副本 - 副本 - 副本 - 副本 (7).txt -> D:\XT\项目\Web_page_collection\文件可视化管理\2\1 - 副本 - 副本 - 副本 - 副本 (7).txt
2025-09-24 04:27:28,814 - INFO - 文件新建: D:/XT/项目/Web_page_collection/文件可视化管理/1\1 - 副本 - 副本 - 副本 - 副本 (8).txt，执行同步
2025-09-24 04:27:28,816 - INFO - 已复制: D:\XT\项目\Web_page_collection\文件可视化管理\1\1 - 副本 - 副本 - 副本 - 副本 (8).txt -> D:\XT\项目\Web_page_collection\文件可视化管理\2\1 - 副本 - 副本 - 副本 - 副本 (8).txt
2025-09-24 04:27:28,816 - INFO - 文件修改: D:/XT/项目/Web_page_collection/文件可视化管理/1\1 - 副本 - 副本 - 副本 - 副本 (8).txt，执行同步
2025-09-24 04:27:28,817 - INFO - 已复制: D:\XT\项目\Web_page_collection\文件可视化管理\1\1 - 副本 - 副本 - 副本 - 副本 (8).txt -> D:\XT\项目\Web_page_collection\文件可视化管理\2\1 - 副本 - 副本 - 副本 - 副本 (8).txt
2025-09-24 04:29:07,051 - INFO - 正在停止同步引擎...
2025-09-24 04:29:08,492 - INFO - 同步引擎已启动
2025-09-24 04:29:11,447 - INFO - 正在停止同步引擎...
2025-09-24 04:29:12,392 - INFO - 同步引擎已启动
2025-09-24 04:29:39,171 - INFO - 文件新建: D:/XT/项目/Web_page_collection/文件可视化管理/1\1 - 副本 - 副本 - 副本 - 副本 (2) - 副本.txt，执行同步
2025-09-24 04:29:39,173 - INFO - 文件修改: D:/XT/项目/Web_page_collection/文件可视化管理/1\1 - 副本 - 副本 - 副本 - 副本 (2) - 副本.txt，执行同步
2025-09-24 04:29:39,174 - INFO - 已复制: D:\XT\项目\Web_page_collection\文件可视化管理\1\1 - 副本 - 副本 - 副本 - 副本 (2) - 副本.txt -> D:\XT\项目\Web_page_collection\文件可视化管理\2\1 - 副本 - 副本 - 副本 - 副本 (2) - 副本.txt
2025-09-24 04:29:39,175 - INFO - 已复制: D:\XT\项目\Web_page_collection\文件可视化管理\1\1 - 副本 - 副本 - 副本 - 副本 (2) - 副本.txt -> D:\XT\项目\Web_page_collection\文件可视化管理\2\1 - 副本 - 副本 - 副本 - 副本 (2) - 副本.txt
2025-09-24 04:29:41,070 - INFO - 文件新建: D:/XT/项目/Web_page_collection/文件可视化管理/1\1 - 副本 - 副本 - 副本 - 副本 (3) - 副本.txt，执行同步
2025-09-24 04:29:41,071 - INFO - 文件修改: D:/XT/项目/Web_page_collection/文件可视化管理/1\1 - 副本 - 副本 - 副本 - 副本 (3) - 副本.txt，执行同步
2025-09-24 04:29:41,071 - INFO - 已复制: D:\XT\项目\Web_page_collection\文件可视化管理\1\1 - 副本 - 副本 - 副本 - 副本 (3) - 副本.txt -> D:\XT\项目\Web_page_collection\文件可视化管理\2\1 - 副本 - 副本 - 副本 - 副本 (3) - 副本.txt
2025-09-24 04:29:41,073 - INFO - 已复制: D:\XT\项目\Web_page_collection\文件可视化管理\1\1 - 副本 - 副本 - 副本 - 副本 (3) - 副本.txt -> D:\XT\项目\Web_page_collection\文件可视化管理\2\1 - 副本 - 副本 - 副本 - 副本 (3) - 副本.txt
2025-09-24 04:29:42,089 - INFO - 文件新建: D:/XT/项目/Web_page_collection/文件可视化管理/1\1 - 副本 - 副本 - 副本 - 副本 (4) - 副本.txt，执行同步
2025-09-24 04:29:42,090 - INFO - 文件修改: D:/XT/项目/Web_page_collection/文件可视化管理/1\1 - 副本 - 副本 - 副本 - 副本 (4) - 副本.txt，执行同步
2025-09-24 04:29:42,091 - INFO - 已复制: D:\XT\项目\Web_page_collection\文件可视化管理\1\1 - 副本 - 副本 - 副本 - 副本 (4) - 副本.txt -> D:\XT\项目\Web_page_collection\文件可视化管理\2\1 - 副本 - 副本 - 副本 - 副本 (4) - 副本.txt
2025-09-24 04:29:42,092 - INFO - 已复制: D:\XT\项目\Web_page_collection\文件可视化管理\1\1 - 副本 - 副本 - 副本 - 副本 (4) - 副本.txt -> D:\XT\项目\Web_page_collection\文件可视化管理\2\1 - 副本 - 副本 - 副本 - 副本 (4) - 副本.txt
2025-09-24 04:29:43,301 - INFO - 文件新建: D:/XT/项目/Web_page_collection/文件可视化管理/1\1 - 副本 - 副本 - 副本 - 副本 (5) - 副本.txt，执行同步
2025-09-24 04:29:43,303 - INFO - 文件修改: D:/XT/项目/Web_page_collection/文件可视化管理/1\1 - 副本 - 副本 - 副本 - 副本 (5) - 副本.txt，执行同步
2025-09-24 04:29:43,303 - INFO - 已复制: D:\XT\项目\Web_page_collection\文件可视化管理\1\1 - 副本 - 副本 - 副本 - 副本 (5) - 副本.txt -> D:\XT\项目\Web_page_collection\文件可视化管理\2\1 - 副本 - 副本 - 副本 - 副本 (5) - 副本.txt
2025-09-24 04:29:43,304 - INFO - 已复制: D:\XT\项目\Web_page_collection\文件可视化管理\1\1 - 副本 - 副本 - 副本 - 副本 (5) - 副本.txt -> D:\XT\项目\Web_page_collection\文件可视化管理\2\1 - 副本 - 副本 - 副本 - 副本 (5) - 副本.txt
2025-09-24 04:30:38,782 - INFO - 正在停止同步引擎...
2025-09-24 04:30:41,564 - INFO - 同步引擎已启动
2025-09-24 04:30:41,567 - INFO - 等待 3600 秒后执行下次任务
2025-09-24 04:31:49,062 - INFO - 同步引擎已启动
2025-09-24 04:31:49,063 - INFO - 等待 1 秒后执行下次任务
2025-09-24 04:31:50,066 - INFO - 等待 1 秒后执行下次任务
2025-09-24 04:31:51,068 - INFO - 等待 1 秒后执行下次任务
2025-09-24 04:31:52,069 - INFO - 等待 1 秒后执行下次任务
2025-09-24 04:31:53,077 - INFO - 等待 1 秒后执行下次任务
2025-09-24 04:31:54,080 - INFO - 等待 1 秒后执行下次任务
2025-09-24 04:31:55,093 - INFO - 等待 1 秒后执行下次任务
2025-09-24 04:31:56,096 - INFO - 等待 1 秒后执行下次任务
2025-09-24 04:31:57,109 - INFO - 等待 1 秒后执行下次任务
2025-09-24 04:31:58,127 - INFO - 已复制: D:\XT\项目\Web_page_collection\文件可视化管理\1\1 - 副本 - 副本 - 副本 - 副本 (3) - 副本 - 副本.txt -> D:\XT\项目\Web_page_collection\文件可视化管理\2\1 - 副本 - 副本 - 副本 - 副本 (3) - 副本 - 副本.txt
2025-09-24 04:31:58,127 - INFO - 已复制: D:\XT\项目\Web_page_collection\文件可视化管理\1\1 - 副本 - 副本 - 副本 - 副本 (4) - 副本 - 副本.txt -> D:\XT\项目\Web_page_collection\文件可视化管理\2\1 - 副本 - 副本 - 副本 - 副本 (4) - 副本 - 副本.txt
2025-09-24 04:31:58,127 - INFO - 已复制: D:\XT\项目\Web_page_collection\文件可视化管理\1\1 - 副本 - 副本 - 副本 - 副本 (5) - 副本 - 副本.txt -> D:\XT\项目\Web_page_collection\文件可视化管理\2\1 - 副本 - 副本 - 副本 - 副本 (5) - 副本 - 副本.txt
2025-09-24 04:31:58,129 - INFO - 等待 1 秒后执行下次任务
2025-09-24 04:31:59,133 - INFO - 等待 1 秒后执行下次任务
2025-09-24 04:32:00,136 - INFO - 等待 1 秒后执行下次任务
2025-09-24 04:32:01,147 - INFO - 等待 1 秒后执行下次任务
2025-09-24 04:32:02,163 - INFO - 等待 1 秒后执行下次任务
2025-09-24 04:32:03,167 - INFO - 等待 1 秒后执行下次任务
2025-09-24 04:32:04,179 - INFO - 等待 1 秒后执行下次任务
2025-09-24 04:32:05,196 - INFO - 等待 1 秒后执行下次任务
2025-09-24 04:32:06,202 - INFO - 等待 1 秒后执行下次任务
2025-09-24 04:32:07,204 - INFO - 等待 1 秒后执行下次任务
2025-09-24 04:32:07,662 - INFO - 正在停止同步引擎...
2025-09-24 04:32:10,333 - INFO - 同步引擎已启动
2025-09-24 04:32:10,335 - INFO - 已复制: D:\XT\项目\Web_page_collection\文件可视化管理\1\1 - 副本 - 副本 - 副本 - 副本 (4) - 副本 - 副本.txt -> D:\XT\项目\Web_page_collection\文件可视化管理\2\1 - 副本 - 副本 - 副本 - 副本 (4) - 副本 - 副本.txt
2025-09-24 04:32:10,336 - INFO - 已复制: D:\XT\项目\Web_page_collection\文件可视化管理\1\1 - 副本 - 副本 - 副本 - 副本 (3) - 副本 - 副本.txt -> D:\XT\项目\Web_page_collection\文件可视化管理\2\1 - 副本 - 副本 - 副本 - 副本 (3) - 副本 - 副本.txt
2025-09-24 04:32:10,336 - INFO - 已复制: D:\XT\项目\Web_page_collection\文件可视化管理\1\1 - 副本 - 副本 - 副本 - 副本 (5) - 副本 - 副本.txt -> D:\XT\项目\Web_page_collection\文件可视化管理\2\1 - 副本 - 副本 - 副本 - 副本 (5) - 副本 - 副本.txt
2025-09-24 04:32:10,337 - INFO - 等待 1 秒后执行下次任务
2025-09-24 04:32:11,339 - INFO - 等待 1 秒后执行下次任务
2025-09-24 04:32:12,341 - INFO - 等待 1 秒后执行下次任务
2025-09-24 04:32:13,346 - INFO - 等待 1 秒后执行下次任务
2025-09-24 04:32:14,358 - INFO - 等待 1 秒后执行下次任务
2025-09-24 04:32:15,371 - INFO - 等待 1 秒后执行下次任务
2025-09-24 04:32:16,387 - INFO - 等待 1 秒后执行下次任务
2025-09-24 04:32:17,389 - INFO - 等待 1 秒后执行下次任务
2025-09-24 04:32:17,937 - INFO - 正在停止同步引擎...
2025-09-24 04:32:18,785 - INFO - 同步引擎已启动
2025-09-24 04:32:35,159 - INFO - 正在停止同步引擎...
